<?xml version="1.0" encoding="UTF-8"?>
<!-- Generated by org.testng.reporters.JUnitXMLReporter -->
<testsuite ignored="0" hostname="DESKTOP-SEKDPB4" failures="0" tests="4" name="ChromeTest" time="0.07" errors="0" timestamp="2022-10-21T08:56:18 IST">
  <testcase classname="testPack.TestNGClass2" name="testA" time="0.009"/>
  <testcase classname="testPack.TestNGClass2" name="testB" time="0.002"/>
  <testcase classname="testPack.TestNGClass" name="test3" time="0.001"/>
  <testcase classname="testPack.TestNGClass" name="test4" time="0.001"/>
</testsuite> <!-- ChromeTest -->
