<?xml version="1.0" encoding="UTF-8"?>
<!-- Generated by org.testng.reporters.JUnitXMLReporter -->
<testsuite ignored="0" hostname="DESKTOP-SEKDPB4" failures="0" tests="4" name="Test1234" time="0.068" errors="0" timestamp="2022-10-21T08:54:37 IST">
  <testcase classname="testPack.TestNGClass2" name="testA" time="0.013"/>
  <testcase classname="testPack.TestNGClass2" name="testB" time="0.001"/>
  <testcase classname="testPack.TestNGClass" name="test3" time="0.001"/>
  <testcase classname="testPack.TestNGClass" name="test4" time="0.001"/>
</testsuite> <!-- Test1234 -->
