<?xml version="1.0" encoding="UTF-8"?>
<!-- Generated by org.testng.reporters.JUnitXMLReporter -->
<testsuite ignored="0" hostname="DESKTOP-SEKDPB4" failures="0" tests="6" name="Test1234" time="0.123" errors="0" timestamp="2022-10-21T08:23:30 IST">
  <testcase classname="testPack.TestNGClass2" name="testA" time="0.011"/>
  <testcase classname="testPack.TestNGClass2" name="testB" time="0.002"/>
  <testcase classname="testPack.TestNGClass2" name="testC" time="0.003"/>
  <testcase classname="testPack.TestNGClass2" name="testD" time="0.002"/>
  <testcase classname="testPack.TestNGClass" name="test3" time="0.002"/>
  <testcase classname="testPack.TestNGClass" name="test4" time="0.002"/>
</testsuite> <!-- Test1234 -->
